<?xml version="1.0" encoding="UTF-8"?>
<!-- Generated by org.testng.reporters.JUnitXMLReporter -->
<testsuite ignored="0" hostname="Pavan_Laptop" failures="0" tests="3" name="ErrorValidationTest" time="23.16" errors="0" timestamp="2022-11-15T06:58:11 IST">
  <testcase classname="product.SL_ErrorValidations" name="SL_Password_Missing" time="2.245"/>
  <testcase classname="product.SL_ErrorValidations" name="SL_Username_MIssing" time="18.573"/>
  <testcase classname="product.SL_ErrorValidations" name="SL_Wrong_Credentials" time="2.324"/>
</testsuite> <!-- ErrorValidationTest -->
