<?xml version="1.0" encoding="UTF-8"?>
<!-- Generated by org.testng.reporters.JUnitXMLReporter -->
<testsuite ignored="0" hostname="Pavan_Laptop" failures="0" tests="12" name="Test" time="47.352" errors="0" timestamp="2022-11-09T06:29:49 IST">
  <testcase classname="product.SauceLabs" name="PurchaseOrder" time="5.674"/>
  <testcase classname="product.SL_Credentials_Verification" name="SL_Users" time="2.747"/>
  <testcase classname="product.SL_Credentials_Verification" name="SL_Users" time="2.584"/>
  <testcase classname="product.SL_Credentials_Verification" name="SL_Users" time="4.448"/>
  <testcase classname="product.SL_Credentials_Verification" name="SL_Users" time="7.747"/>
  <testcase classname="product.SL_Credentials_Verification_HashMap" name="SL_Users" time="2.948"/>
  <testcase classname="product.SL_Credentials_Verification_HashMap" name="SL_Users" time="3.403"/>
  <testcase classname="product.SL_Credentials_Verification_HashMap" name="SL_Users" time="3.492"/>
  <testcase classname="product.SL_Credentials_Verification_HashMap" name="SL_Users" time="3.14"/>
  <testcase classname="product.SL_ErrorValidations" name="SL_Password_Missing" time="4.728"/>
  <testcase classname="product.SL_ErrorValidations" name="SL_Username_MIssing" time="3.069"/>
  <testcase classname="product.SL_ErrorValidations" name="SL_Wrong_Credentials" time="3.227"/>
</testsuite> <!-- Test -->
