<?xml version="1.0" encoding="UTF-8"?>
<!-- Generated by org.testng.reporters.JUnitXMLReporter -->
<testsuite ignored="0" hostname="Pavan_Laptop" failures="0" tests="4" name="CredentialsVerificationTest" time="29.196" errors="0" timestamp="2022-11-09T04:29:04 IST">
  <testcase classname="product.SL_Credentials_Verification" name="SL_Users" time="2.297"/>
  <testcase classname="product.SL_Credentials_Verification" name="SL_Users" time="18.02"/>
  <testcase classname="product.SL_Credentials_Verification" name="SL_Users" time="1.909"/>
  <testcase classname="product.SL_Credentials_Verification" name="SL_Users" time="6.95"/>
</testsuite> <!-- CredentialsVerificationTest -->
