<?xml version="1.0" encoding="UTF-8"?>
<!-- Generated by org.testng.reporters.JUnitXMLReporter -->
<testsuite ignored="3" hostname="Pavan_Laptop" failures="0" tests="0" time="0.001" errors="0" timestamp="2022-11-09T04:29:04 IST">
  <testcase classname="product.SL_ErrorValidations" name="SL_Password_Missing" time="0.0">
    <ignored/>
  </testcase> <!-- SL_Password_Missing -->
  <testcase classname="product.SL_ErrorValidations" name="SL_Wrong_Credentials" time="0.0">
    <ignored/>
  </testcase> <!-- SL_Wrong_Credentials -->
  <testcase classname="product.SL_ErrorValidations" name="SL_Username_MIssing" time="0.0">
    <ignored/>
  </testcase> <!-- SL_Username_MIssing -->
</testsuite>
