<?xml version="1.0" encoding="UTF-8"?>
<!-- Generated by org.testng.reporters.JUnitXMLReporter -->
<testsuite ignored="0" hostname="Pavan_Laptop" failures="0" tests="3" name="ErrorValidations" time="12.112" errors="0" timestamp="2022-11-07T19:54:41 IST">
  <testcase classname="product.SL_ErrorValidations" name="SL_Password_Missing" time="4.349"/>
  <testcase classname="product.SL_ErrorValidations" name="SL_Username_Missing" time="3.688"/>
  <testcase classname="product.SL_ErrorValidations" name="SL_Wrong_Username_Password" time="4.068"/>
</testsuite> <!-- ErrorValidations -->
