<?xml version="1.0" encoding="UTF-8"?>
<!-- Generated by org.testng.reporters.JUnitXMLReporter -->
<testsuite ignored="0" hostname="Pavan_Laptop" failures="0" tests="4" name="TestUsers" time="20.15" errors="0" timestamp="2022-11-07T19:54:29 IST">
  <testcase classname="product.SL_CredentialsVerification" name="SL_Users" time="3.877"/>
  <testcase classname="product.SL_CredentialsVerification" name="SL_Users" time="3.649"/>
  <testcase classname="product.SL_CredentialsVerification" name="SL_Users" time="4.002"/>
  <testcase classname="product.SL_CredentialsVerification" name="SL_Users" time="8.608"/>
</testsuite> <!-- TestUsers -->
