<?xml version="1.0" encoding="UTF-8"?>
<!-- Generated by org.testng.reporters.JUnitXMLReporter -->
<testsuite ignored="0" hostname="Pavan_Laptop" failures="0" tests="12" name="Test" time="47.264" errors="0" timestamp="2022-11-09T06:26:17 IST">
  <testcase classname="product.SauceLabs" name="PurchaseOrder" time="8.605"/>
  <testcase classname="product.SL_Credentials_Verification" name="SL_Users" time="2.786"/>
  <testcase classname="product.SL_Credentials_Verification" name="SL_Users" time="2.751"/>
  <testcase classname="product.SL_Credentials_Verification" name="SL_Users" time="2.872"/>
  <testcase classname="product.SL_Credentials_Verification" name="SL_Users" time="7.938"/>
  <testcase classname="product.SL_Credentials_Verification_HashMap" name="SL_Users" time="3.285"/>
  <testcase classname="product.SL_Credentials_Verification_HashMap" name="SL_Users" time="2.985"/>
  <testcase classname="product.SL_Credentials_Verification_HashMap" name="SL_Users" time="3.086"/>
  <testcase classname="product.SL_Credentials_Verification_HashMap" name="SL_Users" time="3.169"/>
  <testcase classname="product.SL_ErrorValidations" name="SL_Password_Missing" time="3.132"/>
  <testcase classname="product.SL_ErrorValidations" name="SL_Username_MIssing" time="3.424"/>
  <testcase classname="product.SL_ErrorValidations" name="SL_Wrong_Credentials" time="3.084"/>
</testsuite> <!-- Test -->
